time="2024-08-08 22:47:03" level=info clientIP="::1" dataSize=695 hostName=OuterCyrex method=GET path=/api/v1/article/category/1 spendTime=1.99ms statusCode=200 userAgent=PostmanRuntime/7.41.0
time="2024-08-08 22:49:42" level=info clientIP="::1" dataSize=695 hostName=OuterCyrex method=GET path=/api/v1/article/category/1 spendTime=1.64ms statusCode=200 userAgent=PostmanRuntime/7.41.0
time="2024-08-08 23:08:54" level=info clientIP="::1" dataSize=194 hostName=OuterCyrex method=POST path=/api/v1/user/add spendTime=0.47ms statusCode=200 userAgent=PostmanRuntime/7.41.0
time="2024-08-08 23:08:59" level=info clientIP="::1" dataSize=210 hostName=OuterCyrex method=POST path=/api/v1/user/add spendTime=48.64ms statusCode=200 userAgent=PostmanRuntime/7.41.0
time="2024-08-08 23:09:08" level=info clientIP="::1" dataSize=208 hostName=OuterCyrex method=POST path=/api/v1/user/add spendTime=80.85ms statusCode=200 userAgent=PostmanRuntime/7.41.0
time="2024-08-08 23:09:46" level=info clientIP="::1" dataSize=208 hostName=OuterCyrex method=POST path=/api/v1/user/add spendTime=46.65ms statusCode=200 userAgent=PostmanRuntime/7.41.0
time="2024-08-08 23:10:11" level=info clientIP="::1" dataSize=62 hostName=OuterCyrex method=POST path=/api/v1/user/add spendTime=0.00ms statusCode=200 userAgent=PostmanRuntime/7.41.0
time="2024-08-08 23:10:42" level=info clientIP="::1" dataSize=62 hostName=OuterCyrex method=POST path=/api/v1/user/add spendTime=0.38ms statusCode=200 userAgent=PostmanRuntime/7.41.0
time="2024-08-08 23:10:45" level=info clientIP="::1" dataSize=62 hostName=OuterCyrex method=POST path=/api/v1/user/add spendTime=0.24ms statusCode=200 userAgent=PostmanRuntime/7.41.0
time="2024-08-08 23:11:05" level=info clientIP="::1" dataSize=62 hostName=OuterCyrex method=POST path=/api/v1/user/add spendTime=0.27ms statusCode=200 userAgent=PostmanRuntime/7.41.0
time="2024-08-08 23:11:09" level=info clientIP="::1" dataSize=42 hostName=OuterCyrex method=POST path=/api/v1/user/add spendTime=0.32ms statusCode=200 userAgent=PostmanRuntime/7.41.0
time="2024-08-08 23:14:36" level=info clientIP="::1" dataSize=42 hostName=OuterCyrex method=POST path=/api/v1/user/add spendTime=0.33ms statusCode=200 userAgent=PostmanRuntime/7.41.0
time="2024-08-08 23:14:45" level=info clientIP="::1" dataSize=44 hostName=OuterCyrex method=POST path=/api/v1/user/add spendTime=0.49ms statusCode=200 userAgent=PostmanRuntime/7.41.0
time="2024-08-08 23:31:53" level=info clientIP="::1" dataSize=391 hostName=OuterCyrex method=GET path=/api/v1/users spendTime=1.18ms statusCode=200 userAgent=PostmanRuntime/7.41.0
time="2024-08-08 23:32:00" level=info clientIP="::1" dataSize=102 hostName=OuterCyrex method=GET path=/api/v1/categories spendTime=1.83ms statusCode=200 userAgent=PostmanRuntime/7.41.0
time="2024-08-08 23:32:03" level=info clientIP="::1" dataSize=1374 hostName=OuterCyrex method=GET path=/api/v1/articles spendTime=0.99ms statusCode=200 userAgent=PostmanRuntime/7.41.0
time="2024-08-08 23:32:09" level=info clientIP="::1" dataSize=705 hostName=OuterCyrex method=GET path=/api/v1/article/category/1 spendTime=2.78ms statusCode=200 userAgent=PostmanRuntime/7.41.0
time="2024-08-08 23:56:39" level=info clientIP="::1" dataSize=705 hostName=OuterCyrex method=GET path=/api/v1/article/category/1 spendTime=1.98ms statusCode=200 userAgent=PostmanRuntime/7.41.0
time="2024-08-08 23:56:46" level=info clientIP="::1" dataSize=391 hostName=OuterCyrex method=GET path=/api/v1/users spendTime=0.99ms statusCode=200 userAgent=PostmanRuntime/7.41.0
time="2024-08-08 23:56:53" level=info clientIP="::1" dataSize=39 hostName=OuterCyrex method=DELETE path=/api/v1/user/2 spendTime=0.45ms statusCode=200 userAgent=PostmanRuntime/7.41.0
time="2024-08-08 23:56:58" level=info clientIP="::1" dataSize=241 hostName=OuterCyrex method=POST path=/api/v1/login spendTime=45.12ms statusCode=200 userAgent=PostmanRuntime/7.41.0
time="2024-08-08 23:57:04" level=info clientIP="::1" dataSize=391 hostName=OuterCyrex method=GET path=/api/v1/users spendTime=0.99ms statusCode=200 userAgent=PostmanRuntime/7.41.0
time="2024-08-08 23:57:15" level=info clientIP="::1" dataSize=45 hostName=OuterCyrex method=DELETE path=/api/v1/user/2 spendTime=0.19ms statusCode=200 userAgent=PostmanRuntime/7.41.0
time="2024-08-08 23:57:18" level=info clientIP="::1" dataSize=43 hostName=OuterCyrex method=DELETE path=/api/v1/user/2 spendTime=0.99ms statusCode=200 userAgent=PostmanRuntime/7.41.0
time="2024-08-08 23:57:34" level=info clientIP="::1" dataSize=63 hostName=OuterCyrex method=POST path=/api/v1/user/add spendTime=0.57ms statusCode=200 userAgent=PostmanRuntime/7.41.0
